<?xml version="1.0" encoding="UTF-8"?>
<testng-results ignored="0" total="1" passed="1" failed="0" skipped="0">
  <reporter-output>
  </reporter-output>
  <suite started-at="2022-02-11T12:39:42 PST" name="Default suite" finished-at="2022-02-11T12:39:49 PST" duration-ms="7106">
    <groups>
    </groups>
    <test started-at="2022-02-11T12:39:42 PST" name="Default test" finished-at="2022-02-11T12:39:49 PST" duration-ms="7106">
      <class name="week8.NewTest">
        <test-method is-config="true" signature="beforeTest()[pri:0, instance:week8.NewTest@574b560f]" started-at="2022-02-11T12:39:42 PST" name="beforeTest" finished-at="2022-02-11T12:39:46 PST" duration-ms="3794" status="PASS">
          <reporter-output>
          </reporter-output>
        </test-method> <!-- beforeTest -->
        <test-method signature="BankUserLogin()[pri:0, instance:week8.NewTest@574b560f]" started-at="2022-02-11T12:39:46 PST" name="BankUserLogin" finished-at="2022-02-11T12:39:48 PST" duration-ms="1475" status="PASS">
          <reporter-output>
          </reporter-output>
        </test-method> <!-- BankUserLogin -->
        <test-method is-config="true" signature="afterTest()[pri:0, instance:week8.NewTest@574b560f]" started-at="2022-02-11T12:39:48 PST" name="afterTest" finished-at="2022-02-11T12:39:49 PST" duration-ms="1759" status="PASS">
          <reporter-output>
          </reporter-output>
        </test-method> <!-- afterTest -->
      </class> <!-- week8.NewTest -->
    </test> <!-- Default test -->
  </suite> <!-- Default suite -->
</testng-results>
