<?xml version="1.0" encoding="UTF-8"?>
<testng-results ignored="0" total="3" passed="3" failed="0" skipped="0">
  <reporter-output>
  </reporter-output>
  <suite started-at="2022-02-11T11:59:07 PST" name="Default suite" finished-at="2022-02-11T11:59:18 PST" duration-ms="11117">
    <groups>
    </groups>
    <test started-at="2022-02-11T11:59:07 PST" name="Default test" finished-at="2022-02-11T11:59:18 PST" duration-ms="11117">
      <class name="week8.NewTest">
        <test-method is-config="true" signature="beforeTest()[pri:0, instance:week8.NewTest@28975c28]" started-at="2022-02-11T11:59:07 PST" name="beforeTest" finished-at="2022-02-11T11:59:11 PST" duration-ms="3615" status="PASS">
          <reporter-output>
          </reporter-output>
        </test-method> <!-- beforeTest -->
        <test-method signature="BankUserLogin()[pri:0, instance:week8.NewTest@28975c28]" started-at="2022-02-11T11:59:11 PST" name="BankUserLogin" finished-at="2022-02-11T11:59:12 PST" duration-ms="1060" status="PASS">
          <reporter-output>
          </reporter-output>
        </test-method> <!-- BankUserLogin -->
        <test-method signature="CustomerRegistration()[pri:0, instance:week8.NewTest@28975c28]" started-at="2022-02-11T11:59:12 PST" name="CustomerRegistration" finished-at="2022-02-11T11:59:15 PST" duration-ms="3011" status="PASS">
          <reporter-output>
          </reporter-output>
        </test-method> <!-- CustomerRegistration -->
        <test-method signature="CustomerTransaction()[pri:0, instance:week8.NewTest@28975c28]" started-at="2022-02-11T11:59:15 PST" name="CustomerTransaction" finished-at="2022-02-11T11:59:18 PST" duration-ms="2587" status="PASS">
          <reporter-output>
          </reporter-output>
        </test-method> <!-- CustomerTransaction -->
        <test-method is-config="true" signature="afterTest()[pri:0, instance:week8.NewTest@28975c28]" started-at="2022-02-11T11:59:18 PST" name="afterTest" finished-at="2022-02-11T11:59:18 PST" duration-ms="782" status="PASS">
          <reporter-output>
          </reporter-output>
        </test-method> <!-- afterTest -->
      </class> <!-- week8.NewTest -->
    </test> <!-- Default test -->
  </suite> <!-- Default suite -->
</testng-results>
