<?xml version="1.0" encoding="UTF-8"?>
<testng-results ignored="0" total="3" passed="3" failed="0" skipped="0">
  <reporter-output>
  </reporter-output>
  <suite started-at="2022-02-11T11:57:49 PST" name="week8.NewTest" finished-at="2022-02-11T11:58:03 PST" duration-ms="13445">
    <groups>
    </groups>
    <test started-at="2022-02-11T11:57:49 PST" name="Command line test" finished-at="2022-02-11T11:58:03 PST" duration-ms="13445">
      <class name="week8.NewTest">
        <test-method is-config="true" signature="beforeTest()[pri:0, instance:week8.NewTest@30ee2816]" started-at="2022-02-11T11:57:49 PST" name="beforeTest" finished-at="2022-02-11T11:57:53 PST" duration-ms="4018" status="PASS">
          <reporter-output>
          </reporter-output>
        </test-method> <!-- beforeTest -->
        <test-method signature="BankUserLogin()[pri:0, instance:week8.NewTest@30ee2816]" started-at="2022-02-11T11:57:53 PST" name="BankUserLogin" finished-at="2022-02-11T11:57:55 PST" duration-ms="1122" status="PASS">
          <reporter-output>
          </reporter-output>
        </test-method> <!-- BankUserLogin -->
        <test-method signature="CustomerRegistration()[pri:0, instance:week8.NewTest@30ee2816]" started-at="2022-02-11T11:57:55 PST" name="CustomerRegistration" finished-at="2022-02-11T11:57:58 PST" duration-ms="3260" status="PASS">
          <reporter-output>
          </reporter-output>
        </test-method> <!-- CustomerRegistration -->
        <test-method signature="CustomerTransaction()[pri:0, instance:week8.NewTest@30ee2816]" started-at="2022-02-11T11:57:58 PST" name="CustomerTransaction" finished-at="2022-02-11T11:58:00 PST" duration-ms="2529" status="PASS">
          <reporter-output>
          </reporter-output>
        </test-method> <!-- CustomerTransaction -->
        <test-method is-config="true" signature="afterTest()[pri:0, instance:week8.NewTest@30ee2816]" started-at="2022-02-11T11:58:00 PST" name="afterTest" finished-at="2022-02-11T11:58:03 PST" duration-ms="2484" status="PASS">
          <reporter-output>
          </reporter-output>
        </test-method> <!-- afterTest -->
      </class> <!-- week8.NewTest -->
    </test> <!-- Command line test -->
  </suite> <!-- week8.NewTest -->
</testng-results>
